<?xml version="1.0" encoding="UTF-8"?>
<!-- Generated by org.testng.reporters.JUnitReportReporter -->
<testsuite hostname="sonal-X556UQK" failures="0" tests="8" name="tests.Home_TC_02" time="92.350" errors="0" timestamp="2022-01-27T20:16:28 IST" skipped="0">
  <testcase classname="tests.Home_TC_02" name="cookieClose" time="0.359"/>
  <system-out/>
  <testcase classname="tests.Home_TC_02" name="homePageValidation" time="0.069"/>
  <system-out>
    <![CDATA[Home Page Validated]]>
  </system-out>
  <testcase classname="tests.Home_TC_02" name="officePageValidation" time="8.117"/>
  <system-out>
    <![CDATA[Offices page is Validated]]>
  </system-out>
  <testcase classname="tests.Home_TC_02" name="productsPageValidation" time="8.347"/>
  <system-out>
    <![CDATA[Products -> Business Insurance Page validated....]]>
  </system-out>
  <testcase classname="tests.Home_TC_02" name="insightsPageValidation" time="16.221"/>
  <system-out>
    <![CDATA[Elements Present......Insights Page Validated]]>
  </system-out>
  <testcase classname="tests.Home_TC_02" name="industriesPagevalidation" time="9.558"/>
  <system-out>
    <![CDATA[Industries -> Entertainment Page Validated]]>
  </system-out>
  <testcase classname="tests.Home_TC_02" name="searchIconValidation" time="18.292"/>
  <system-out>
    <![CDATA[IndustriesPage is validated]]>
  </system-out>
  <testcase classname="tests.Home_TC_02" name="contactUsPageValidation" time="31.387"/>
  <system-out>
    <![CDATA[Contact us page validated]]>
  </system-out>
</testsuite> <!-- tests.Home_TC_02 -->
