<?xml version="1.0" encoding="UTF-8"?>
<!-- Generated by org.testng.reporters.JUnitReportReporter -->
<testsuite hostname="sonal-X556UQK" failures="0" tests="2" name="tests.Home_TC_01" time="25.730" errors="0" timestamp="2022-01-20T15:14:48 IST" skipped="0">
  <testcase classname="tests.Home_TC_01" name="sampleTest" time="0.322"/>
  <system-out/>
  <testcase classname="tests.Home_TC_01" name="sampleTest5" time="25.408"/>
  <system-out>
    <![CDATA[IndustriesPage is validated]]>
  </system-out>
</testsuite> <!-- tests.Home_TC_01 -->
